HyperNova_Navigation_Task_03/HyperNovaNavigation/contract-test-client/build/intermediates/manifest_merge_blame_file/debug/processDebugMainManifest/manifest-merger-blame-debug-report.txt
1<?xml version="1.0" encoding="utf-8"?>
2<manifest xmlns:android="http://schemas.android.com/apk/res/android"
3    package="com.hypernova.navigation.contracttest"
4    android:versionCode="1"
5    android:versionName="1.0" >
6
7    <uses-sdk
7-->INJECTED
8        android:minSdkVersion="35"
8-->INJECTED
9        android:targetSdkVersion="36" />
9-->INJECTED
10
11    <uses-permission android:name="com.hypernova.permission.CONTROL_COCKPIT_APPS" />
11-->src/main/AndroidManifest.xml:4:5-5:72
11-->src/main/AndroidManifest.xml:5:9-69
12
13    <application
13-->src/main/AndroidManifest.xml:7:5-26:19
14        android:allowBackup="false"
14-->src/main/AndroidManifest.xml:8:9-36
15        android:debuggable="true"
16        android:extractNativeLibs="false"
16-->INJECTED
17        android:label="Navigation Contract Test"
17-->src/main/AndroidManifest.xml:9:9-49
18        android:supportsRtl="true"
18-->src/main/AndroidManifest.xml:10:9-35
19        android:theme="@android:style/Theme.Material.NoActionBar" >
19-->src/main/AndroidManifest.xml:11:9-66
20        <activity
20-->src/main/AndroidManifest.xml:13:9-24:20
21            android:name="com.hypernova.navigation.contracttest.TestClientActivity"
21-->src/main/AndroidManifest.xml:14:13-47
22            android:exported="true"
22-->src/main/AndroidManifest.xml:15:13-36
23            android:screenOrientation="portrait" >
23-->src/main/AndroidManifest.xml:16:13-49
24            <intent-filter>
24-->src/main/AndroidManifest.xml:18:13-22:29
25                <action android:name="android.intent.action.MAIN" />
25-->src/main/AndroidManifest.xml:19:17-69
25-->src/main/AndroidManifest.xml:19:25-66
26
27                <category android:name="android.intent.category.LAUNCHER" />
27-->src/main/AndroidManifest.xml:21:17-77
27-->src/main/AndroidManifest.xml:21:27-74
28            </intent-filter>
29        </activity>
30    </application>
31
32</manifest>